# JRE version: OpenJDK Runtime Environment Temurin-17.0.13+11 (17.0.13+11) (build 17.0.13+11)
# Java VM: OpenJDK 64-Bit Server VM Temurin-17.0.13+11 (17.0.13+11, mixed mode, sharing, tiered, compressed oops, compressed class ptrs, g1 gc, windows-amd64)
GC Precious Log:
 CPUs: 8 total, 8 available
 Memory: 7984M
 Large Page Support: Disabled
 NUMA Support: Disabled
 Compressed Oops: Enabled (32-bit)
 Heap Region Size: 1M
 Heap Min Capacity: 8M
 Heap Initial Capacity: 8M
 Heap Max Capacity: 1998M
 Pre-touch: Disabled
 Parallel Workers: 8
 Concurrent Workers: 2
 Concurrent Refinement Workers: 8
 Periodic GC: Disabled
Heap:
 garbage-first heap   total 22528K, used 8925K [0x0000000083200000, 0x0000000100000000)
  region size 1024K, 2 young (2048K), 1 survivors (1024K)
 Metaspace       used 10011K, committed 10240K, reserved 1114112K
  class space    used 1157K, committed 1280K, reserved 1048576K
GC Heap History (20 events):
Event: 0.213 GC heap before
{Heap before GC invocations=1 (full 0):
 garbage-first heap   total 8192K, used 2368K [0x0000000083200000, 0x0000000100000000)
  region size 1024K, 2 young (2048K), 1 survivors (1024K)
 Metaspace       used 5000K, committed 5120K, reserved 1114112K
  class space    used 620K, committed 704K, reserved 1048576K
}
Event: 0.215 GC heap after
{Heap after GC invocations=2 (full 0):
 garbage-first heap   total 8192K, used 2029K [0x0000000083200000, 0x0000000100000000)
  region size 1024K, 1 young (1024K), 1 survivors (1024K)
 Metaspace       used 5000K, committed 5120K, reserved 1114112K
  class space    used 620K, committed 704K, reserved 1048576K
}
Event: 0.255 GC heap before
{Heap before GC invocations=2 (full 0):
 garbage-first heap   total 8192K, used 3053K [0x0000000083200000, 0x0000000100000000)
  region size 1024K, 2 young (2048K), 1 survivors (1024K)
 Metaspace       used 6485K, committed 6592K, reserved 1114112K
  class space    used 785K, committed 832K, reserved 1048576K
}
Event: 0.256 GC heap after
{Heap after GC invocations=3 (full 0):
 garbage-first heap   total 8192K, used 2370K [0x0000000083200000, 0x0000000100000000)
  region size 1024K, 1 young (1024K), 1 survivors (1024K)
 Metaspace       used 6485K, committed 6592K, reserved 1114112K
  class space    used 785K, committed 832K, reserved 1048576K
}
Event: 0.316 GC heap before
{Heap before GC invocations=3 (full 0):
 garbage-first heap   total 8192K, used 3394K [0x0000000083200000, 0x0000000100000000)
  region size 1024K, 2 young (2048K), 1 survivors (1024K)
 Metaspace       used 7649K, committed 7808K, reserved 1114112K
  class space    used 885K, committed 960K, reserved 1048576K
}
Event: 0.318 GC heap after
{Heap after GC invocations=4 (full 0):
 garbage-first heap   total 8192K, used 2630K [0x0000000083200000, 0x0000000100000000)
  region size 1024K, 1 young (1024K), 1 survivors (1024K)
 Metaspace       used 7649K, committed 7808K, reserved 1114112K
  class space    used 885K, committed 960K, reserved 1048576K
}
Event: 0.335 GC heap before
{Heap before GC invocations=4 (full 0):
 garbage-first heap   total 8192K, used 3654K [0x0000000083200000, 0x0000000100000000)
  region size 1024K, 2 young (2048K), 1 survivors (1024K)
 Metaspace       used 7754K, committed 7936K, reserved 1114112K
  class space    used 894K, committed 960K, reserved 1048576K
}
Event: 0.338 GC heap after
{Heap after GC invocations=5 (full 0):
 garbage-first heap   total 11264K, used 2864K [0x0000000083200000, 0x0000000100000000)
  region size 1024K, 1 young (1024K), 1 survivors (1024K)
 Metaspace       used 7754K, committed 7936K, reserved 1114112K
  class space    used 894K, committed 960K, reserved 1048576K
}
Event: 0.362 GC heap before
{Heap before GC invocations=5 (full 0):
 garbage-first heap   total 11264K, used 4912K [0x0000000083200000, 0x0000000100000000)
  region size 1024K, 3 young (3072K), 1 survivors (1024K)
 Metaspace       used 7922K, committed 8064K, reserved 1114112K
  class space    used 911K, committed 960K, reserved 1048576K
}
Event: 0.363 GC heap after
{Heap after GC invocations=6 (full 0):
 garbage-first heap   total 11264K, used 3259K [0x0000000083200000, 0x0000000100000000)
  region size 1024K, 1 young (1024K), 1 survivors (1024K)
 Metaspace       used 7922K, committed 8064K, reserved 1114112K
  class space    used 911K, committed 960K, reserved 1048576K
}
Event: 0.378 GC heap before
{Heap before GC invocations=6 (full 0):
 garbage-first heap   total 11264K, used 5307K [0x0000000083200000, 0x0000000100000000)
  region size 1024K, 3 young (3072K), 1 survivors (1024K)
 Metaspace       used 8025K, committed 8256K, reserved 1114112K
  class space    used 920K, committed 1024K, reserved 1048576K
}
Event: 0.380 GC heap after
{Heap after GC invocations=7 (full 0):
 garbage-first heap   total 11264K, used 3587K [0x0000000083200000, 0x0000000100000000)
  region size 1024K, 1 young (1024K), 1 survivors (1024K)
 Metaspace       used 8025K, committed 8256K, reserved 1114112K
  class space    used 920K, committed 1024K, reserved 1048576K
}
Event: 0.389 GC heap before
{Heap before GC invocations=7 (full 0):
 garbage-first heap   total 11264K, used 5635K [0x0000000083200000, 0x0000000100000000)
  region size 1024K, 3 young (3072K), 1 survivors (1024K)
 Metaspace       used 8069K, committed 8256K, reserved 1114112K
  class space    used 924K, committed 1024K, reserved 1048576K
}
Event: 0.391 GC heap after
{Heap after GC invocations=8 (full 0):
 garbage-first heap   total 11264K, used 3976K [0x0000000083200000, 0x0000000100000000)
  region size 1024K, 1 young (1024K), 1 survivors (1024K)
 Metaspace       used 8069K, committed 8256K, reserved 1114112K
  class space    used 924K, committed 1024K, reserved 1048576K
}
Event: 0.399 GC heap before
{Heap before GC invocations=8 (full 0):
 garbage-first heap   total 11264K, used 6024K [0x0000000083200000, 0x0000000100000000)
  region size 1024K, 3 young (3072K), 1 survivors (1024K)
 Metaspace       used 8093K, committed 8256K, reserved 1114112K
  class space    used 926K, committed 1024K, reserved 1048576K
}
Event: 0.401 GC heap after
{Heap after GC invocations=9 (full 0):
 garbage-first heap   total 22528K, used 4335K [0x0000000083200000, 0x0000000100000000)
  region size 1024K, 1 young (1024K), 1 survivors (1024K)
 Metaspace       used 8093K, committed 8256K, reserved 1114112K
  class space    used 926K, committed 1024K, reserved 1048576K
}
Event: 0.447 GC heap before
{Heap before GC invocations=9 (full 0):
 garbage-first heap   total 22528K, used 12527K [0x0000000083200000, 0x0000000100000000)
  region size 1024K, 9 young (9216K), 1 survivors (1024K)
 Metaspace       used 8366K, committed 8576K, reserved 1114112K
  class space    used 957K, committed 1088K, reserved 1048576K
}
Event: 0.451 GC heap after
{Heap after GC invocations=10 (full 0):
 garbage-first heap   total 22528K, used 5801K [0x0000000083200000, 0x0000000100000000)
  region size 1024K, 2 young (2048K), 2 survivors (2048K)
 Metaspace       used 8366K, committed 8576K, reserved 1114112K
  class space    used 957K, committed 1088K, reserved 1048576K
}
Event: 0.553 GC heap before
{Heap before GC invocations=10 (full 0):
 garbage-first heap   total 22528K, used 11945K [0x0000000083200000, 0x0000000100000000)
  region size 1024K, 9 young (9216K), 2 survivors (2048K)
 Metaspace       used 9205K, committed 9472K, reserved 1114112K
  class space    used 1086K, committed 1216K, reserved 1048576K
}
Event: 0.560 GC heap after
{Heap after GC invocations=11 (full 0):
 garbage-first heap   total 22528K, used 7846K [0x0000000083200000, 0x0000000100000000)
  region size 1024K, 2 young (2048K), 2 survivors (2048K)
 Metaspace       used 9205K, committed 9472K, reserved 1114112K
  class space    used 1086K, committed 1216K, reserved 1048576K
}

